{"level":"info","message":"Redis Client Connected","timestamp":"2026-04-17T17:29:30.849Z"}
{"level":"info","message":"Connected to Redis","timestamp":"2026-04-17T17:29:30.858Z"}
{"level":"info","message":"🚀 Server running on port 3000","timestamp":"2026-04-17T17:29:30.859Z"}
{"level":"info","message":"📊 Health check: http://localhost:3000/health","timestamp":"2026-04-17T17:29:30.859Z"}
{"level":"info","message":"Client connected: yaSh7jAx5_0a4p6zAAAB","timestamp":"2026-04-17T17:29:40.086Z"}
{"level":"info","message":"Client disconnected: yaSh7jAx5_0a4p6zAAAB, reason: transport close","timestamp":"2026-04-17T17:29:41.113Z"}
{"level":"info","message":"Client connected: 1JSuM6v68-TebFseAAAD","timestamp":"2026-04-17T17:29:41.239Z"}
{"level":"info","message":"Room created: ZD7M37 by 11","timestamp":"2026-04-17T17:29:45.555Z"}
{"level":"info","message":"Room ZD7M37 created by 11","timestamp":"2026-04-17T17:29:45.556Z"}
{"level":"info","message":"Room ZD7M37 deleted (empty)","timestamp":"2026-04-17T17:29:47.917Z"}
{"level":"info","message":"Player left room ZD7M37","timestamp":"2026-04-17T17:29:47.918Z"}
{"level":"info","message":"Room created: 9YNGFM by 11","timestamp":"2026-04-17T17:29:51.532Z"}
{"level":"info","message":"Room 9YNGFM created by 11","timestamp":"2026-04-17T17:29:51.533Z"}
{"level":"info","message":"Client connected: 57l1jh2Da43jSOsPAAAF","timestamp":"2026-04-17T17:30:01.441Z"}
{"level":"info","message":"Player 22 joined room 9YNGFM","timestamp":"2026-04-17T17:30:05.022Z"}
{"level":"info","message":"Player 22 joined room 9YNGFM","timestamp":"2026-04-17T17:30:05.023Z"}
{"level":"info","message":"Game started in room 9YNGFM","timestamp":"2026-04-17T17:30:07.663Z"}
{"level":"info","message":"Player 588e6dbb-1c1c-474b-b1bb-6e7655276592 drew tile in room 9YNGFM","timestamp":"2026-04-17T17:30:20.280Z"}
{"level":"info","message":"Client disconnected: 57l1jh2Da43jSOsPAAAF, reason: transport close","timestamp":"2026-04-17T17:30:41.197Z"}
{"level":"info","message":"Client connected: y5Kf-KsHpC1Ft6c4AAAH","timestamp":"2026-04-17T17:30:41.296Z"}
{"level":"info","message":"Redis Client Connected","timestamp":"2026-04-17T17:40:09.549Z"}
{"level":"info","message":"Connected to Redis","timestamp":"2026-04-17T17:40:09.556Z"}
{"level":"info","message":"🚀 Server running on port 3000","timestamp":"2026-04-17T17:40:09.558Z"}
{"level":"info","message":"📊 Health check: http://localhost:3000/health","timestamp":"2026-04-17T17:40:09.558Z"}
{"level":"info","message":"Client connected: venFM45_9hwpCs4tAAAB","timestamp":"2026-04-17T17:40:14.921Z"}
{"level":"info","message":"Client disconnected: venFM45_9hwpCs4tAAAB, reason: transport close","timestamp":"2026-04-17T17:40:16.759Z"}
{"level":"info","message":"Client connected: WI1TNXNcC4SgCWLIAAAD","timestamp":"2026-04-17T17:40:16.892Z"}
{"level":"info","message":"Client disconnected: WI1TNXNcC4SgCWLIAAAD, reason: transport close","timestamp":"2026-04-17T17:40:20.400Z"}
{"level":"info","message":"Client connected: 9aWskv3H31YbCrUHAAAF","timestamp":"2026-04-17T17:40:20.531Z"}
{"level":"info","message":"Room created: 2TVUBZ by 11","timestamp":"2026-04-17T17:40:25.713Z"}
{"level":"info","message":"Room 2TVUBZ created by 11","timestamp":"2026-04-17T17:40:25.714Z"}
{"level":"info","message":"Client connected: 2UoF9wAYpDNWTgUwAAAH","timestamp":"2026-04-17T17:40:32.361Z"}
{"level":"info","message":"Client connected: Cp3yyrKBEt8wbAwvAAAJ","timestamp":"2026-04-17T17:40:44.356Z"}
{"level":"info","message":"Player b2 joined room 2TVUBZ","timestamp":"2026-04-17T17:40:50.033Z"}
{"level":"info","message":"Player b2 joined room 2TVUBZ","timestamp":"2026-04-17T17:40:50.033Z"}
{"level":"info","message":"Game started in room 2TVUBZ","timestamp":"2026-04-17T17:40:54.040Z"}
{"level":"info","message":"Player a151ceef-5a87-43bf-beff-b88ffe99f9ac drew tile in room 2TVUBZ","timestamp":"2026-04-17T17:41:11.024Z"}
{"level":"info","message":"Player left room 2TVUBZ","timestamp":"2026-04-17T17:41:40.112Z"}
{"level":"info","message":"Room created: AGUADG by aa","timestamp":"2026-04-17T17:41:49.787Z"}
{"level":"info","message":"Room AGUADG created by aa","timestamp":"2026-04-17T17:41:49.788Z"}
{"level":"info","message":"Client connected: QZKx9a-wr1kA5OkFAAAL","timestamp":"2026-04-17T17:41:52.860Z"}
{"level":"info","message":"Player bb joined room AGUADG","timestamp":"2026-04-17T17:42:06.972Z"}
{"level":"info","message":"Player bb joined room AGUADG","timestamp":"2026-04-17T17:42:06.972Z"}
{"level":"info","message":"Game started in room AGUADG","timestamp":"2026-04-17T17:42:09.468Z"}
{"level":"info","message":"Player 603689db-1db2-4059-8890-104a86d81824 ended turn in room AGUADG","timestamp":"2026-04-17T17:42:24.979Z"}
{"level":"info","message":"Client disconnected: QZKx9a-wr1kA5OkFAAAL, reason: transport close","timestamp":"2026-04-17T17:42:43.748Z"}
{"level":"info","message":"Client connected: AXUh__FvP0_0IrS-AAAN","timestamp":"2026-04-17T17:42:43.845Z"}
{"level":"info","message":"Redis Client Connected","timestamp":"2026-04-17T17:48:12.509Z"}
{"level":"info","message":"Connected to Redis","timestamp":"2026-04-17T17:48:12.517Z"}
{"level":"info","message":"🚀 Server running on port 3000","timestamp":"2026-04-17T17:48:12.518Z"}
{"level":"info","message":"📊 Health check: http://localhost:3000/health","timestamp":"2026-04-17T17:48:12.519Z"}
{"level":"info","message":"Client connected: ICNOgrWU2sgM8hcZAAAB","timestamp":"2026-04-17T17:48:21.138Z"}
{"level":"info","message":"Client disconnected: ICNOgrWU2sgM8hcZAAAB, reason: transport close","timestamp":"2026-04-17T17:48:29.325Z"}
{"level":"info","message":"Client connected: u8gHLF-B-5YZVg4hAAAD","timestamp":"2026-04-17T17:48:33.030Z"}
{"level":"info","message":"Player aa joined room AGUADG","timestamp":"2026-04-17T17:48:35.116Z"}
{"level":"info","message":"Client disconnected: u8gHLF-B-5YZVg4hAAAD, reason: transport close","timestamp":"2026-04-17T17:48:36.232Z"}
{"level":"info","message":"Client connected: yLbRPWkKWTbD0VZlAAAF","timestamp":"2026-04-17T17:48:36.368Z"}
{"level":"info","message":"Room created: 4JRT57 by aa","timestamp":"2026-04-17T17:48:43.593Z"}
{"level":"info","message":"Room 4JRT57 created by aa","timestamp":"2026-04-17T17:48:43.593Z"}
{"level":"info","message":"Client connected: BuLwaToxKu32pHSsAAAH","timestamp":"2026-04-17T17:48:48.766Z"}
{"level":"info","message":"Player bb joined room 4JRT57","timestamp":"2026-04-17T17:48:52.566Z"}
{"level":"info","message":"Player bb joined room 4JRT57","timestamp":"2026-04-17T17:48:52.567Z"}
{"level":"info","message":"Game started in room 4JRT57","timestamp":"2026-04-17T17:48:55.600Z"}
{"level":"info","message":"Player 16adf2f2-f1dd-4a26-b452-eedf8057f5fd drew tile in room 4JRT57","timestamp":"2026-04-17T17:49:01.553Z"}
{"level":"info","message":"Client disconnected: BuLwaToxKu32pHSsAAAH, reason: transport close","timestamp":"2026-04-17T17:49:11.824Z"}
{"level":"info","message":"Client connected: -NiuFTv_UjVFr7OaAAAJ","timestamp":"2026-04-17T17:49:11.919Z"}
{"level":"info","message":"Player bb joined room 4JRT57","timestamp":"2026-04-17T17:49:11.952Z"}
{"level":"info","message":"Player b046fbf5-0425-48e9-a0b3-e2ec2bf18850 drew tile in room 4JRT57","timestamp":"2026-04-17T17:49:25.012Z"}
{"level":"info","message":"Player 16adf2f2-f1dd-4a26-b452-eedf8057f5fd drew tile in room 4JRT57","timestamp":"2026-04-17T17:49:38.909Z"}
{"level":"info","message":"Player b046fbf5-0425-48e9-a0b3-e2ec2bf18850 drew tile in room 4JRT57","timestamp":"2026-04-17T17:49:44.761Z"}
{"level":"info","message":"Player 16adf2f2-f1dd-4a26-b452-eedf8057f5fd drew tile in room 4JRT57","timestamp":"2026-04-17T17:49:59.089Z"}
{"level":"info","message":"Player b046fbf5-0425-48e9-a0b3-e2ec2bf18850 drew tile in room 4JRT57","timestamp":"2026-04-17T17:50:19.804Z"}
{"level":"info","message":"Player 16adf2f2-f1dd-4a26-b452-eedf8057f5fd drew tile in room 4JRT57","timestamp":"2026-04-17T17:50:27.364Z"}
{"level":"info","message":"Player b046fbf5-0425-48e9-a0b3-e2ec2bf18850 drew tile in room 4JRT57","timestamp":"2026-04-17T17:50:49.887Z"}
{"level":"info","message":"Player 16adf2f2-f1dd-4a26-b452-eedf8057f5fd ended turn in room 4JRT57","timestamp":"2026-04-17T17:51:35.058Z"}
{"level":"info","message":"Player b046fbf5-0425-48e9-a0b3-e2ec2bf18850 ended turn in room 4JRT57","timestamp":"2026-04-17T17:52:04.580Z"}
{"level":"info","message":"Player 16adf2f2-f1dd-4a26-b452-eedf8057f5fd ended turn in room 4JRT57","timestamp":"2026-04-17T17:52:17.724Z"}
{"level":"info","message":"Player b046fbf5-0425-48e9-a0b3-e2ec2bf18850 drew tile in room 4JRT57","timestamp":"2026-04-17T17:52:50.632Z"}
{"level":"info","message":"Player 16adf2f2-f1dd-4a26-b452-eedf8057f5fd drew tile in room 4JRT57","timestamp":"2026-04-17T17:55:33.455Z"}
{"level":"info","message":"Client connected: qjOWBS0aTFypZzLwAAAL","timestamp":"2026-04-17T17:56:15.693Z"}
{"level":"info","message":"Client disconnected: qjOWBS0aTFypZzLwAAAL, reason: transport close","timestamp":"2026-04-17T17:56:23.743Z"}
